<?xml version="1.0" encoding="UTF-8"?>
<!-- Generated by org.testng.reporters.JUnitReportReporter -->
<testsuite hostname="Ilhans-MBP.fios-router.home" name="MyTest.GoogleTest" tests="4" failures="0" timestamp="13 Nov 2019 06:16:06 GMT" time="103.985" errors="0">
  <testcase name="googleTitleTest_3" time="9.844" classname="MyTest.GoogleTest"/>
  <testcase name="googleTitleTest_2" time="25.424" classname="MyTest.GoogleTest"/>
  <testcase name="googleTitleTest_4" time="19.690" classname="MyTest.GoogleTest"/>
  <testcase name="googleTitleTest_1" time="49.027" classname="MyTest.GoogleTest"/>
</testsuite> <!-- MyTest.GoogleTest -->
