<?xml version="1.0" encoding="UTF-8"?>
<!-- Generated by org.testng.reporters.JUnitReportReporter -->
<testsuite hostname="Ilhans-MBP.fios-router.home" name="MyTest.GoogleTest" tests="4" failures="0" timestamp="17 Sep 2019 04:32:50 GMT" time="98.029" errors="0">
  <testcase name="googleTitleTest_3" time="44.572" classname="MyTest.GoogleTest"/>
  <testcase name="googleTitleTest_1" time="8.941" classname="MyTest.GoogleTest"/>
  <testcase name="googleTitleTest_4" time="19.726" classname="MyTest.GoogleTest"/>
  <testcase name="googleTitleTest_2" time="24.790" classname="MyTest.GoogleTest"/>
</testsuite> <!-- MyTest.GoogleTest -->
