<?xml version="1.0" encoding="UTF-8"?>
<!-- Generated by org.testng.reporters.JUnitReportReporter -->
<testsuite hostname="Ilhans-MBP.fios-router.home" name="MyTest.FacebookTest" tests="2" failures="0" timestamp="17 Sep 2019 04:32:50 GMT" time="52.451" errors="0">
  <testcase name="facebookTitleTest_2" time="27.520" classname="MyTest.FacebookTest"/>
  <testcase name="facebookTitleTest_1" time="24.931" classname="MyTest.FacebookTest"/>
</testsuite> <!-- MyTest.FacebookTest -->
