<?xml version="1.0" encoding="UTF-8"?>
<!-- Generated by org.testng.reporters.JUnitReportReporter -->
<testsuite hostname="Ilhans-MBP.fios-router.home" name="MyTest.FacebookTest" tests="2" failures="0" timestamp="13 Nov 2019 06:16:06 GMT" time="51.000" errors="0">
  <testcase name="facebookTitleTest_1" time="21.839" classname="MyTest.FacebookTest"/>
  <testcase name="facebookTitleTest_2" time="29.161" classname="MyTest.FacebookTest"/>
</testsuite> <!-- MyTest.FacebookTest -->
